<?xml version="1.0" encoding="UTF-8"?>
<testsuite xmlns:xsi="http://www.w3.org/2001/XMLSchema-instance" xsi:noNamespaceSchemaLocation="https://maven.apache.org/surefire/maven-surefire-plugin/xsd/surefire-test-report.xsd" name="com.rahulshettyacademy.Courses.PactVerificationTest" time="0.3" tests="1" errors="1" skipped="0" failures="0">
  <properties>
    <property name="java.specification.version" value="14"/>
    <property name="sun.jnu.encoding" value="UTF-8"/>
    <property name="java.class.path" value="/Users/rahulshetty/Downloads/Courses/target/test-classes:/Users/rahulshetty/Downloads/Courses/target/classes:/Users/rahulshetty/.m2/repository/org/springframework/boot/spring-boot-starter-web/2.6.0-SNAPSHOT/spring-boot-starter-web-2.6.0-SNAPSHOT.jar:/Users/rahulshetty/.m2/repository/org/springframework/boot/spring-boot-starter/2.6.0-SNAPSHOT/spring-boot-starter-2.6.0-SNAPSHOT.jar:/Users/rahulshetty/.m2/repository/org/springframework/boot/spring-boot/2.6.0-SNAPSHOT/spring-boot-2.6.0-SNAPSHOT.jar:/Users/rahulshetty/.m2/repository/org/springframework/boot/spring-boot-autoconfigure/2.6.0-SNAPSHOT/spring-boot-autoconfigure-2.6.0-SNAPSHOT.jar:/Users/rahulshetty/.m2/repository/org/springframework/boot/spring-boot-starter-logging/2.6.0-SNAPSHOT/spring-boot-starter-logging-2.6.0-SNAPSHOT.jar:/Users/rahulshetty/.m2/repository/ch/qos/logback/logback-classic/1.2.3/logback-classic-1.2.3.jar:/Users/rahulshetty/.m2/repository/ch/qos/logback/logback-core/1.2.3/logback-core-1.2.3.jar:/Users/rahulshetty/.m2/repository/org/apache/logging/log4j/log4j-to-slf4j/2.14.1/log4j-to-slf4j-2.14.1.jar:/Users/rahulshetty/.m2/repository/org/apache/logging/log4j/log4j-api/2.14.1/log4j-api-2.14.1.jar:/Users/rahulshetty/.m2/repository/org/slf4j/jul-to-slf4j/1.7.31/jul-to-slf4j-1.7.31.jar:/Users/rahulshetty/.m2/repository/jakarta/annotation/jakarta.annotation-api/1.3.5/jakarta.annotation-api-1.3.5.jar:/Users/rahulshetty/.m2/repository/org/yaml/snakeyaml/1.29/snakeyaml-1.29.jar:/Users/rahulshetty/.m2/repository/org/springframework/boot/spring-boot-starter-json/2.6.0-SNAPSHOT/spring-boot-starter-json-2.6.0-SNAPSHOT.jar:/Users/rahulshetty/.m2/repository/com/fasterxml/jackson/core/jackson-databind/2.12.4/jackson-databind-2.12.4.jar:/Users/rahulshetty/.m2/repository/com/fasterxml/jackson/core/jackson-annotations/2.12.4/jackson-annotations-2.12.4.jar:/Users/rahulshetty/.m2/repository/com/fasterxml/jackson/core/jackson-core/2.12.4/jackson-core-2.12.4.jar:/Users/rahulshetty/.m2/repository/com/fasterxml/jackson/datatype/jackson-datatype-jdk8/2.12.4/jackson-datatype-jdk8-2.12.4.jar:/Users/rahulshetty/.m2/repository/com/fasterxml/jackson/datatype/jackson-datatype-jsr310/2.12.4/jackson-datatype-jsr310-2.12.4.jar:/Users/rahulshetty/.m2/repository/com/fasterxml/jackson/module/jackson-module-parameter-names/2.12.4/jackson-module-parameter-names-2.12.4.jar:/Users/rahulshetty/.m2/repository/org/springframework/boot/spring-boot-starter-tomcat/2.6.0-SNAPSHOT/spring-boot-starter-tomcat-2.6.0-SNAPSHOT.jar:/Users/rahulshetty/.m2/repository/org/apache/tomcat/embed/tomcat-embed-core/9.0.50/tomcat-embed-core-9.0.50.jar:/Users/rahulshetty/.m2/repository/org/apache/tomcat/embed/tomcat-embed-el/9.0.50/tomcat-embed-el-9.0.50.jar:/Users/rahulshetty/.m2/repository/org/apache/tomcat/embed/tomcat-embed-websocket/9.0.50/tomcat-embed-websocket-9.0.50.jar:/Users/rahulshetty/.m2/repository/org/springframework/spring-web/5.3.9/spring-web-5.3.9.jar:/Users/rahulshetty/.m2/repository/org/springframework/spring-beans/5.3.9/spring-beans-5.3.9.jar:/Users/rahulshetty/.m2/repository/org/springframework/spring-webmvc/5.3.9/spring-webmvc-5.3.9.jar:/Users/rahulshetty/.m2/repository/org/springframework/spring-aop/5.3.9/spring-aop-5.3.9.jar:/Users/rahulshetty/.m2/repository/org/springframework/spring-expression/5.3.9/spring-expression-5.3.9.jar:/Users/rahulshetty/.m2/repository/org/springframework/boot/spring-boot-starter-data-jpa/2.6.0-SNAPSHOT/spring-boot-starter-data-jpa-2.6.0-SNAPSHOT.jar:/Users/rahulshetty/.m2/repository/org/springframework/boot/spring-boot-starter-aop/2.6.0-SNAPSHOT/spring-boot-starter-aop-2.6.0-SNAPSHOT.jar:/Users/rahulshetty/.m2/repository/org/aspectj/aspectjweaver/1.9.7/aspectjweaver-1.9.7.jar:/Users/rahulshetty/.m2/repository/org/springframework/boot/spring-boot-starter-jdbc/2.6.0-SNAPSHOT/spring-boot-starter-jdbc-2.6.0-SNAPSHOT.jar:/Users/rahulshetty/.m2/repository/com/zaxxer/HikariCP/4.0.3/HikariCP-4.0.3.jar:/Users/rahulshetty/.m2/repository/org/springframework/spring-jdbc/5.3.9/spring-jdbc-5.3.9.jar:/Users/rahulshetty/.m2/repository/jakarta/transaction/jakarta.transaction-api/1.3.3/jakarta.transaction-api-1.3.3.jar:/Users/rahulshetty/.m2/repository/jakarta/persistence/jakarta.persistence-api/2.2.3/jakarta.persistence-api-2.2.3.jar:/Users/rahulshetty/.m2/repository/org/hibernate/hibernate-core/5.5.3.Final/hibernate-core-5.5.3.Final.jar:/Users/rahulshetty/.m2/repository/org/jboss/logging/jboss-logging/3.4.2.Final/jboss-logging-3.4.2.Final.jar:/Users/rahulshetty/.m2/repository/org/javassist/javassist/3.27.0-GA/javassist-3.27.0-GA.jar:/Users/rahulshetty/.m2/repository/net/bytebuddy/byte-buddy/1.11.6/byte-buddy-1.11.6.jar:/Users/rahulshetty/.m2/repository/antlr/antlr/2.7.7/antlr-2.7.7.jar:/Users/rahulshetty/.m2/repository/org/jboss/jandex/2.2.3.Final/jandex-2.2.3.Final.jar:/Users/rahulshetty/.m2/repository/com/fasterxml/classmate/1.5.1/classmate-1.5.1.jar:/Users/rahulshetty/.m2/repository/org/hibernate/common/hibernate-commons-annotations/5.1.2.Final/hibernate-commons-annotations-5.1.2.Final.jar:/Users/rahulshetty/.m2/repository/org/glassfish/jaxb/jaxb-runtime/2.3.4/jaxb-runtime-2.3.4.jar:/Users/rahulshetty/.m2/repository/org/glassfish/jaxb/txw2/2.3.4/txw2-2.3.4.jar:/Users/rahulshetty/.m2/repository/com/sun/istack/istack-commons-runtime/3.0.12/istack-commons-runtime-3.0.12.jar:/Users/rahulshetty/.m2/repository/com/sun/activation/jakarta.activation/1.2.2/jakarta.activation-1.2.2.jar:/Users/rahulshetty/.m2/repository/org/springframework/data/spring-data-jpa/2.6.0-SNAPSHOT/spring-data-jpa-2.6.0-SNAPSHOT.jar:/Users/rahulshetty/.m2/repository/org/springframework/data/spring-data-commons/2.6.0-SNAPSHOT/spring-data-commons-2.6.0-SNAPSHOT.jar:/Users/rahulshetty/.m2/repository/org/springframework/spring-orm/5.3.9/spring-orm-5.3.9.jar:/Users/rahulshetty/.m2/repository/org/springframework/spring-tx/5.3.9/spring-tx-5.3.9.jar:/Users/rahulshetty/.m2/repository/org/slf4j/slf4j-api/1.7.31/slf4j-api-1.7.31.jar:/Users/rahulshetty/.m2/repository/org/springframework/spring-aspects/5.3.9/spring-aspects-5.3.9.jar:/Users/rahulshetty/.m2/repository/au/com/dius/pact/provider/junit5spring/4.1.17/junit5spring-4.1.17.jar:/Users/rahulshetty/.m2/repository/au/com/dius/pact/provider/junit5/4.1.17/junit5-4.1.17.jar:/Users/rahulshetty/.m2/repository/org/junit/jupiter/junit-jupiter-api/5.7.2/junit-jupiter-api-5.7.2.jar:/Users/rahulshetty/.m2/repository/org/apiguardian/apiguardian-api/1.1.0/apiguardian-api-1.1.0.jar:/Users/rahulshetty/.m2/repository/org/opentest4j/opentest4j/1.2.0/opentest4j-1.2.0.jar:/Users/rahulshetty/.m2/repository/org/junit/platform/junit-platform-commons/1.7.2/junit-platform-commons-1.7.2.jar:/Users/rahulshetty/.m2/repository/au/com/dius/pact/core/support/4.1.17/support-4.1.17.jar:/Users/rahulshetty/.m2/repository/org/antlr/antlr4/4.7.2/antlr4-4.7.2.jar:/Users/rahulshetty/.m2/repository/org/antlr/antlr4-runtime/4.7.2/antlr4-runtime-4.7.2.jar:/Users/rahulshetty/.m2/repository/org/antlr/antlr-runtime/3.5.2/antlr-runtime-3.5.2.jar:/Users/rahulshetty/.m2/repository/org/antlr/ST4/4.1/ST4-4.1.jar:/Users/rahulshetty/.m2/repository/org/abego/treelayout/org.abego.treelayout.core/1.0.3/org.abego.treelayout.core-1.0.3.jar:/Users/rahulshetty/.m2/repository/org/glassfish/javax.json/1.0.4/javax.json-1.0.4.jar:/Users/rahulshetty/.m2/repository/com/ibm/icu/icu4j/61.1/icu4j-61.1.jar:/Users/rahulshetty/.m2/repository/io/github/microutils/kotlin-logging/1.6.26/kotlin-logging-1.6.26.jar:/Users/rahulshetty/.m2/repository/io/github/microutils/kotlin-logging-common/1.6.26/kotlin-logging-common-1.6.26.jar:/Users/rahulshetty/.m2/repository/org/apache/httpcomponents/httpclient/4.5.13/httpclient-4.5.13.jar:/Users/rahulshetty/.m2/repository/org/apache/httpcomponents/httpcore/4.4.14/httpcore-4.4.14.jar:/Users/rahulshetty/.m2/repository/commons-codec/commons-codec/1.15/commons-codec-1.15.jar:/Users/rahulshetty/.m2/repository/com/michael-bull/kotlin-result/kotlin-result/1.1.6/kotlin-result-1.1.6.jar:/Users/rahulshetty/.m2/repository/org/jetbrains/kotlin/kotlin-stdlib/1.5.21/kotlin-stdlib-1.5.21.jar:/Users/rahulshetty/.m2/repository/org/jetbrains/annotations/13.0/annotations-13.0.jar:/Users/rahulshetty/.m2/repository/org/jetbrains/kotlin/kotlin-stdlib-common/1.5.21/kotlin-stdlib-common-1.5.21.jar:/Users/rahulshetty/.m2/repository/org/jetbrains/kotlin/kotlin-stdlib-jdk8/1.5.21/kotlin-stdlib-jdk8-1.5.21.jar:/Users/rahulshetty/.m2/repository/org/jetbrains/kotlin/kotlin-stdlib-jdk7/1.5.21/kotlin-stdlib-jdk7-1.5.21.jar:/Users/rahulshetty/.m2/repository/org/jetbrains/kotlin/kotlin-reflect/1.5.21/kotlin-reflect-1.5.21.jar:/Users/rahulshetty/.m2/repository/org/apache/commons/commons-lang3/3.12.0/commons-lang3-3.12.0.jar:/Users/rahulshetty/.m2/repository/com/google/code/findbugs/jsr305/3.0.2/jsr305-3.0.2.jar:/Users/rahulshetty/.m2/repository/au/com/dius/pact/provider/4.1.17/provider-4.1.17.jar:/Users/rahulshetty/.m2/repository/commons-io/commons-io/2.5/commons-io-2.5.jar:/Users/rahulshetty/.m2/repository/au/com/dius/pact/core/model/4.1.17/model-4.1.17.jar:/Users/rahulshetty/.m2/repository/com/github/zafarkhaja/java-semver/0.9.0/java-semver-0.9.0.jar:/Users/rahulshetty/.m2/repository/org/apache/commons/commons-collections4/4.1/commons-collections4-4.1.jar:/Users/rahulshetty/.m2/repository/com/github/mifmif/generex/1.0.2/generex-1.0.2.jar:/Users/rahulshetty/.m2/repository/dk/brics/automaton/automaton/1.11-8/automaton-1.11-8.jar:/Users/rahulshetty/.m2/repository/javax/mail/mail/1.5.0-b01/mail-1.5.0-b01.jar:/Users/rahulshetty/.m2/repository/javax/activation/activation/1.1/activation-1.1.jar:/Users/rahulshetty/.m2/repository/org/apache/tika/tika-core/1.24.1/tika-core-1.24.1.jar:/Users/rahulshetty/.m2/repository/au/com/dius/pact/core/pactbroker/4.1.17/pactbroker-4.1.17.jar:/Users/rahulshetty/.m2/repository/com/google/guava/guava/18.0/guava-18.0.jar:/Users/rahulshetty/.m2/repository/au/com/dius/pact/core/matchers/4.1.17/matchers-4.1.17.jar:/Users/rahulshetty/.m2/repository/com/googlecode/java-diff-utils/diffutils/1.3.0/diffutils-1.3.0.jar:/Users/rahulshetty/.m2/repository/xerces/xercesImpl/2.12.0/xercesImpl-2.12.0.jar:/Users/rahulshetty/.m2/repository/xml-apis/xml-apis/1.4.01/xml-apis-1.4.01.jar:/Users/rahulshetty/.m2/repository/org/atteo/evo-inflector/1.2.2/evo-inflector-1.2.2.jar:/Users/rahulshetty/.m2/repository/org/scala-lang/scala-library/2.13.2/scala-library-2.13.2.jar:/Users/rahulshetty/.m2/repository/io/github/classgraph/classgraph/4.8.25/classgraph-4.8.25.jar:/Users/rahulshetty/.m2/repository/org/codehaus/groovy/groovy/3.0.8/groovy-3.0.8.jar:/Users/rahulshetty/.m2/repository/com/github/ajalt/mordant/1.2.1/mordant-1.2.1.jar:/Users/rahulshetty/.m2/repository/com/github/ajalt/colormath/1.2.0/colormath-1.2.0.jar:/Users/rahulshetty/.m2/repository/com/vladsch/flexmark/flexmark/0.62.2/flexmark-0.62.2.jar:/Users/rahulshetty/.m2/repository/com/vladsch/flexmark/flexmark-util-ast/0.62.2/flexmark-util-ast-0.62.2.jar:/Users/rahulshetty/.m2/repository/com/vladsch/flexmark/flexmark-util-builder/0.62.2/flexmark-util-builder-0.62.2.jar:/Users/rahulshetty/.m2/repository/com/vladsch/flexmark/flexmark-util-collection/0.62.2/flexmark-util-collection-0.62.2.jar:/Users/rahulshetty/.m2/repository/com/vladsch/flexmark/flexmark-util-data/0.62.2/flexmark-util-data-0.62.2.jar:/Users/rahulshetty/.m2/repository/com/vladsch/flexmark/flexmark-util-dependency/0.62.2/flexmark-util-dependency-0.62.2.jar:/Users/rahulshetty/.m2/repository/com/vladsch/flexmark/flexmark-util-format/0.62.2/flexmark-util-format-0.62.2.jar:/Users/rahulshetty/.m2/repository/com/vladsch/flexmark/flexmark-util-html/0.62.2/flexmark-util-html-0.62.2.jar:/Users/rahulshetty/.m2/repository/com/vladsch/flexmark/flexmark-util-misc/0.62.2/flexmark-util-misc-0.62.2.jar:/Users/rahulshetty/.m2/repository/com/vladsch/flexmark/flexmark-util-sequence/0.62.2/flexmark-util-sequence-0.62.2.jar:/Users/rahulshetty/.m2/repository/com/vladsch/flexmark/flexmark-util-visitor/0.62.2/flexmark-util-visitor-0.62.2.jar:/Users/rahulshetty/.m2/repository/com/vladsch/flexmark/flexmark-ext-tables/0.62.2/flexmark-ext-tables-0.62.2.jar:/Users/rahulshetty/.m2/repository/com/vladsch/flexmark/flexmark-util/0.62.2/flexmark-util-0.62.2.jar:/Users/rahulshetty/.m2/repository/com/vladsch/flexmark/flexmark-util-options/0.62.2/flexmark-util-options-0.62.2.jar:/Users/rahulshetty/.m2/repository/org/springframework/spring-context/5.3.9/spring-context-5.3.9.jar:/Users/rahulshetty/.m2/repository/org/springframework/spring-test/5.3.9/spring-test-5.3.9.jar:/Users/rahulshetty/.m2/repository/javax/servlet/javax.servlet-api/4.0.1/javax.servlet-api-4.0.1.jar:/Users/rahulshetty/.m2/repository/org/hamcrest/hamcrest/2.2/hamcrest-2.2.jar:/Users/rahulshetty/.m2/repository/mysql/mysql-connector-java/8.0.19/mysql-connector-java-8.0.19.jar:/Users/rahulshetty/.m2/repository/org/springframework/boot/spring-boot-starter-test/2.6.0-SNAPSHOT/spring-boot-starter-test-2.6.0-SNAPSHOT.jar:/Users/rahulshetty/.m2/repository/org/springframework/boot/spring-boot-test/2.6.0-SNAPSHOT/spring-boot-test-2.6.0-SNAPSHOT.jar:/Users/rahulshetty/.m2/repository/org/springframework/boot/spring-boot-test-autoconfigure/2.6.0-SNAPSHOT/spring-boot-test-autoconfigure-2.6.0-SNAPSHOT.jar:/Users/rahulshetty/.m2/repository/com/jayway/jsonpath/json-path/2.6.0/json-path-2.6.0.jar:/Users/rahulshetty/.m2/repository/net/minidev/json-smart/2.4.7/json-smart-2.4.7.jar:/Users/rahulshetty/.m2/repository/net/minidev/accessors-smart/2.4.7/accessors-smart-2.4.7.jar:/Users/rahulshetty/.m2/repository/org/ow2/asm/asm/9.1/asm-9.1.jar:/Users/rahulshetty/.m2/repository/jakarta/xml/bind/jakarta.xml.bind-api/2.3.3/jakarta.xml.bind-api-2.3.3.jar:/Users/rahulshetty/.m2/repository/jakarta/activation/jakarta.activation-api/1.2.2/jakarta.activation-api-1.2.2.jar:/Users/rahulshetty/.m2/repository/org/assertj/assertj-core/3.20.2/assertj-core-3.20.2.jar:/Users/rahulshetty/.m2/repository/org/junit/jupiter/junit-jupiter/5.7.2/junit-jupiter-5.7.2.jar:/Users/rahulshetty/.m2/repository/org/junit/jupiter/junit-jupiter-params/5.7.2/junit-jupiter-params-5.7.2.jar:/Users/rahulshetty/.m2/repository/org/junit/jupiter/junit-jupiter-engine/5.7.2/junit-jupiter-engine-5.7.2.jar:/Users/rahulshetty/.m2/repository/org/junit/platform/junit-platform-engine/1.7.2/junit-platform-engine-1.7.2.jar:/Users/rahulshetty/.m2/repository/org/mockito/mockito-core/3.11.2/mockito-core-3.11.2.jar:/Users/rahulshetty/.m2/repository/net/bytebuddy/byte-buddy-agent/1.11.6/byte-buddy-agent-1.11.6.jar:/Users/rahulshetty/.m2/repository/org/objenesis/objenesis/3.2/objenesis-3.2.jar:/Users/rahulshetty/.m2/repository/org/mockito/mockito-junit-jupiter/3.11.2/mockito-junit-jupiter-3.11.2.jar:/Users/rahulshetty/.m2/repository/org/skyscreamer/jsonassert/1.5.0/jsonassert-1.5.0.jar:/Users/rahulshetty/.m2/repository/com/vaadin/external/google/android-json/0.0.20131108.vaadin1/android-json-0.0.20131108.vaadin1.jar:/Users/rahulshetty/.m2/repository/org/springframework/spring-core/5.3.9/spring-core-5.3.9.jar:/Users/rahulshetty/.m2/repository/org/springframework/spring-jcl/5.3.9/spring-jcl-5.3.9.jar:/Users/rahulshetty/.m2/repository/org/xmlunit/xmlunit-core/2.8.2/xmlunit-core-2.8.2.jar:"/>
    <property name="java.vm.vendor" value="Oracle Corporation"/>
    <property name="sun.arch.data.model" value="64"/>
    <property name="java.vendor.url" value="https://java.oracle.com/"/>
    <property name="os.name" value="Mac OS X"/>
    <property name="java.vm.specification.version" value="14"/>
    <property name="sun.java.launcher" value="SUN_STANDARD"/>
    <property name="user.country" value="US"/>
    <property name="sun.boot.library.path" value="/Users/rahulshetty/.p2/pool/plugins/org.eclipse.justj.openjdk.hotspot.jre.full.macosx.x86_64_14.0.2.v20200815-0932/jre/lib"/>
    <property name="sun.java.command" value="/Users/rahulshetty/Downloads/Courses/target/surefire/surefirebooter8421513359109263445.jar /Users/rahulshetty/Downloads/Courses/target/surefire 2021-07-15T12-09-46_113-jvmRun1 surefire2859028059213121936tmp surefire_013717488209626967765tmp"/>
    <property name="http.nonProxyHosts" value="local|*.local|169.254/16|*.169.254/16"/>
    <property name="jdk.debug" value="release"/>
    <property name="surefire.test.class.path" value="/Users/rahulshetty/Downloads/Courses/target/test-classes:/Users/rahulshetty/Downloads/Courses/target/classes:/Users/rahulshetty/.m2/repository/org/springframework/boot/spring-boot-starter-web/2.6.0-SNAPSHOT/spring-boot-starter-web-2.6.0-SNAPSHOT.jar:/Users/rahulshetty/.m2/repository/org/springframework/boot/spring-boot-starter/2.6.0-SNAPSHOT/spring-boot-starter-2.6.0-SNAPSHOT.jar:/Users/rahulshetty/.m2/repository/org/springframework/boot/spring-boot/2.6.0-SNAPSHOT/spring-boot-2.6.0-SNAPSHOT.jar:/Users/rahulshetty/.m2/repository/org/springframework/boot/spring-boot-autoconfigure/2.6.0-SNAPSHOT/spring-boot-autoconfigure-2.6.0-SNAPSHOT.jar:/Users/rahulshetty/.m2/repository/org/springframework/boot/spring-boot-starter-logging/2.6.0-SNAPSHOT/spring-boot-starter-logging-2.6.0-SNAPSHOT.jar:/Users/rahulshetty/.m2/repository/ch/qos/logback/logback-classic/1.2.3/logback-classic-1.2.3.jar:/Users/rahulshetty/.m2/repository/ch/qos/logback/logback-core/1.2.3/logback-core-1.2.3.jar:/Users/rahulshetty/.m2/repository/org/apache/logging/log4j/log4j-to-slf4j/2.14.1/log4j-to-slf4j-2.14.1.jar:/Users/rahulshetty/.m2/repository/org/apache/logging/log4j/log4j-api/2.14.1/log4j-api-2.14.1.jar:/Users/rahulshetty/.m2/repository/org/slf4j/jul-to-slf4j/1.7.31/jul-to-slf4j-1.7.31.jar:/Users/rahulshetty/.m2/repository/jakarta/annotation/jakarta.annotation-api/1.3.5/jakarta.annotation-api-1.3.5.jar:/Users/rahulshetty/.m2/repository/org/yaml/snakeyaml/1.29/snakeyaml-1.29.jar:/Users/rahulshetty/.m2/repository/org/springframework/boot/spring-boot-starter-json/2.6.0-SNAPSHOT/spring-boot-starter-json-2.6.0-SNAPSHOT.jar:/Users/rahulshetty/.m2/repository/com/fasterxml/jackson/core/jackson-databind/2.12.4/jackson-databind-2.12.4.jar:/Users/rahulshetty/.m2/repository/com/fasterxml/jackson/core/jackson-annotations/2.12.4/jackson-annotations-2.12.4.jar:/Users/rahulshetty/.m2/repository/com/fasterxml/jackson/core/jackson-core/2.12.4/jackson-core-2.12.4.jar:/Users/rahulshetty/.m2/repository/com/fasterxml/jackson/datatype/jackson-datatype-jdk8/2.12.4/jackson-datatype-jdk8-2.12.4.jar:/Users/rahulshetty/.m2/repository/com/fasterxml/jackson/datatype/jackson-datatype-jsr310/2.12.4/jackson-datatype-jsr310-2.12.4.jar:/Users/rahulshetty/.m2/repository/com/fasterxml/jackson/module/jackson-module-parameter-names/2.12.4/jackson-module-parameter-names-2.12.4.jar:/Users/rahulshetty/.m2/repository/org/springframework/boot/spring-boot-starter-tomcat/2.6.0-SNAPSHOT/spring-boot-starter-tomcat-2.6.0-SNAPSHOT.jar:/Users/rahulshetty/.m2/repository/org/apache/tomcat/embed/tomcat-embed-core/9.0.50/tomcat-embed-core-9.0.50.jar:/Users/rahulshetty/.m2/repository/org/apache/tomcat/embed/tomcat-embed-el/9.0.50/tomcat-embed-el-9.0.50.jar:/Users/rahulshetty/.m2/repository/org/apache/tomcat/embed/tomcat-embed-websocket/9.0.50/tomcat-embed-websocket-9.0.50.jar:/Users/rahulshetty/.m2/repository/org/springframework/spring-web/5.3.9/spring-web-5.3.9.jar:/Users/rahulshetty/.m2/repository/org/springframework/spring-beans/5.3.9/spring-beans-5.3.9.jar:/Users/rahulshetty/.m2/repository/org/springframework/spring-webmvc/5.3.9/spring-webmvc-5.3.9.jar:/Users/rahulshetty/.m2/repository/org/springframework/spring-aop/5.3.9/spring-aop-5.3.9.jar:/Users/rahulshetty/.m2/repository/org/springframework/spring-expression/5.3.9/spring-expression-5.3.9.jar:/Users/rahulshetty/.m2/repository/org/springframework/boot/spring-boot-starter-data-jpa/2.6.0-SNAPSHOT/spring-boot-starter-data-jpa-2.6.0-SNAPSHOT.jar:/Users/rahulshetty/.m2/repository/org/springframework/boot/spring-boot-starter-aop/2.6.0-SNAPSHOT/spring-boot-starter-aop-2.6.0-SNAPSHOT.jar:/Users/rahulshetty/.m2/repository/org/aspectj/aspectjweaver/1.9.7/aspectjweaver-1.9.7.jar:/Users/rahulshetty/.m2/repository/org/springframework/boot/spring-boot-starter-jdbc/2.6.0-SNAPSHOT/spring-boot-starter-jdbc-2.6.0-SNAPSHOT.jar:/Users/rahulshetty/.m2/repository/com/zaxxer/HikariCP/4.0.3/HikariCP-4.0.3.jar:/Users/rahulshetty/.m2/repository/org/springframework/spring-jdbc/5.3.9/spring-jdbc-5.3.9.jar:/Users/rahulshetty/.m2/repository/jakarta/transaction/jakarta.transaction-api/1.3.3/jakarta.transaction-api-1.3.3.jar:/Users/rahulshetty/.m2/repository/jakarta/persistence/jakarta.persistence-api/2.2.3/jakarta.persistence-api-2.2.3.jar:/Users/rahulshetty/.m2/repository/org/hibernate/hibernate-core/5.5.3.Final/hibernate-core-5.5.3.Final.jar:/Users/rahulshetty/.m2/repository/org/jboss/logging/jboss-logging/3.4.2.Final/jboss-logging-3.4.2.Final.jar:/Users/rahulshetty/.m2/repository/org/javassist/javassist/3.27.0-GA/javassist-3.27.0-GA.jar:/Users/rahulshetty/.m2/repository/net/bytebuddy/byte-buddy/1.11.6/byte-buddy-1.11.6.jar:/Users/rahulshetty/.m2/repository/antlr/antlr/2.7.7/antlr-2.7.7.jar:/Users/rahulshetty/.m2/repository/org/jboss/jandex/2.2.3.Final/jandex-2.2.3.Final.jar:/Users/rahulshetty/.m2/repository/com/fasterxml/classmate/1.5.1/classmate-1.5.1.jar:/Users/rahulshetty/.m2/repository/org/hibernate/common/hibernate-commons-annotations/5.1.2.Final/hibernate-commons-annotations-5.1.2.Final.jar:/Users/rahulshetty/.m2/repository/org/glassfish/jaxb/jaxb-runtime/2.3.4/jaxb-runtime-2.3.4.jar:/Users/rahulshetty/.m2/repository/org/glassfish/jaxb/txw2/2.3.4/txw2-2.3.4.jar:/Users/rahulshetty/.m2/repository/com/sun/istack/istack-commons-runtime/3.0.12/istack-commons-runtime-3.0.12.jar:/Users/rahulshetty/.m2/repository/com/sun/activation/jakarta.activation/1.2.2/jakarta.activation-1.2.2.jar:/Users/rahulshetty/.m2/repository/org/springframework/data/spring-data-jpa/2.6.0-SNAPSHOT/spring-data-jpa-2.6.0-SNAPSHOT.jar:/Users/rahulshetty/.m2/repository/org/springframework/data/spring-data-commons/2.6.0-SNAPSHOT/spring-data-commons-2.6.0-SNAPSHOT.jar:/Users/rahulshetty/.m2/repository/org/springframework/spring-orm/5.3.9/spring-orm-5.3.9.jar:/Users/rahulshetty/.m2/repository/org/springframework/spring-tx/5.3.9/spring-tx-5.3.9.jar:/Users/rahulshetty/.m2/repository/org/slf4j/slf4j-api/1.7.31/slf4j-api-1.7.31.jar:/Users/rahulshetty/.m2/repository/org/springframework/spring-aspects/5.3.9/spring-aspects-5.3.9.jar:/Users/rahulshetty/.m2/repository/au/com/dius/pact/provider/junit5spring/4.1.17/junit5spring-4.1.17.jar:/Users/rahulshetty/.m2/repository/au/com/dius/pact/provider/junit5/4.1.17/junit5-4.1.17.jar:/Users/rahulshetty/.m2/repository/org/junit/jupiter/junit-jupiter-api/5.7.2/junit-jupiter-api-5.7.2.jar:/Users/rahulshetty/.m2/repository/org/apiguardian/apiguardian-api/1.1.0/apiguardian-api-1.1.0.jar:/Users/rahulshetty/.m2/repository/org/opentest4j/opentest4j/1.2.0/opentest4j-1.2.0.jar:/Users/rahulshetty/.m2/repository/org/junit/platform/junit-platform-commons/1.7.2/junit-platform-commons-1.7.2.jar:/Users/rahulshetty/.m2/repository/au/com/dius/pact/core/support/4.1.17/support-4.1.17.jar:/Users/rahulshetty/.m2/repository/org/antlr/antlr4/4.7.2/antlr4-4.7.2.jar:/Users/rahulshetty/.m2/repository/org/antlr/antlr4-runtime/4.7.2/antlr4-runtime-4.7.2.jar:/Users/rahulshetty/.m2/repository/org/antlr/antlr-runtime/3.5.2/antlr-runtime-3.5.2.jar:/Users/rahulshetty/.m2/repository/org/antlr/ST4/4.1/ST4-4.1.jar:/Users/rahulshetty/.m2/repository/org/abego/treelayout/org.abego.treelayout.core/1.0.3/org.abego.treelayout.core-1.0.3.jar:/Users/rahulshetty/.m2/repository/org/glassfish/javax.json/1.0.4/javax.json-1.0.4.jar:/Users/rahulshetty/.m2/repository/com/ibm/icu/icu4j/61.1/icu4j-61.1.jar:/Users/rahulshetty/.m2/repository/io/github/microutils/kotlin-logging/1.6.26/kotlin-logging-1.6.26.jar:/Users/rahulshetty/.m2/repository/io/github/microutils/kotlin-logging-common/1.6.26/kotlin-logging-common-1.6.26.jar:/Users/rahulshetty/.m2/repository/org/apache/httpcomponents/httpclient/4.5.13/httpclient-4.5.13.jar:/Users/rahulshetty/.m2/repository/org/apache/httpcomponents/httpcore/4.4.14/httpcore-4.4.14.jar:/Users/rahulshetty/.m2/repository/commons-codec/commons-codec/1.15/commons-codec-1.15.jar:/Users/rahulshetty/.m2/repository/com/michael-bull/kotlin-result/kotlin-result/1.1.6/kotlin-result-1.1.6.jar:/Users/rahulshetty/.m2/repository/org/jetbrains/kotlin/kotlin-stdlib/1.5.21/kotlin-stdlib-1.5.21.jar:/Users/rahulshetty/.m2/repository/org/jetbrains/annotations/13.0/annotations-13.0.jar:/Users/rahulshetty/.m2/repository/org/jetbrains/kotlin/kotlin-stdlib-common/1.5.21/kotlin-stdlib-common-1.5.21.jar:/Users/rahulshetty/.m2/repository/org/jetbrains/kotlin/kotlin-stdlib-jdk8/1.5.21/kotlin-stdlib-jdk8-1.5.21.jar:/Users/rahulshetty/.m2/repository/org/jetbrains/kotlin/kotlin-stdlib-jdk7/1.5.21/kotlin-stdlib-jdk7-1.5.21.jar:/Users/rahulshetty/.m2/repository/org/jetbrains/kotlin/kotlin-reflect/1.5.21/kotlin-reflect-1.5.21.jar:/Users/rahulshetty/.m2/repository/org/apache/commons/commons-lang3/3.12.0/commons-lang3-3.12.0.jar:/Users/rahulshetty/.m2/repository/com/google/code/findbugs/jsr305/3.0.2/jsr305-3.0.2.jar:/Users/rahulshetty/.m2/repository/au/com/dius/pact/provider/4.1.17/provider-4.1.17.jar:/Users/rahulshetty/.m2/repository/commons-io/commons-io/2.5/commons-io-2.5.jar:/Users/rahulshetty/.m2/repository/au/com/dius/pact/core/model/4.1.17/model-4.1.17.jar:/Users/rahulshetty/.m2/repository/com/github/zafarkhaja/java-semver/0.9.0/java-semver-0.9.0.jar:/Users/rahulshetty/.m2/repository/org/apache/commons/commons-collections4/4.1/commons-collections4-4.1.jar:/Users/rahulshetty/.m2/repository/com/github/mifmif/generex/1.0.2/generex-1.0.2.jar:/Users/rahulshetty/.m2/repository/dk/brics/automaton/automaton/1.11-8/automaton-1.11-8.jar:/Users/rahulshetty/.m2/repository/javax/mail/mail/1.5.0-b01/mail-1.5.0-b01.jar:/Users/rahulshetty/.m2/repository/javax/activation/activation/1.1/activation-1.1.jar:/Users/rahulshetty/.m2/repository/org/apache/tika/tika-core/1.24.1/tika-core-1.24.1.jar:/Users/rahulshetty/.m2/repository/au/com/dius/pact/core/pactbroker/4.1.17/pactbroker-4.1.17.jar:/Users/rahulshetty/.m2/repository/com/google/guava/guava/18.0/guava-18.0.jar:/Users/rahulshetty/.m2/repository/au/com/dius/pact/core/matchers/4.1.17/matchers-4.1.17.jar:/Users/rahulshetty/.m2/repository/com/googlecode/java-diff-utils/diffutils/1.3.0/diffutils-1.3.0.jar:/Users/rahulshetty/.m2/repository/xerces/xercesImpl/2.12.0/xercesImpl-2.12.0.jar:/Users/rahulshetty/.m2/repository/xml-apis/xml-apis/1.4.01/xml-apis-1.4.01.jar:/Users/rahulshetty/.m2/repository/org/atteo/evo-inflector/1.2.2/evo-inflector-1.2.2.jar:/Users/rahulshetty/.m2/repository/org/scala-lang/scala-library/2.13.2/scala-library-2.13.2.jar:/Users/rahulshetty/.m2/repository/io/github/classgraph/classgraph/4.8.25/classgraph-4.8.25.jar:/Users/rahulshetty/.m2/repository/org/codehaus/groovy/groovy/3.0.8/groovy-3.0.8.jar:/Users/rahulshetty/.m2/repository/com/github/ajalt/mordant/1.2.1/mordant-1.2.1.jar:/Users/rahulshetty/.m2/repository/com/github/ajalt/colormath/1.2.0/colormath-1.2.0.jar:/Users/rahulshetty/.m2/repository/com/vladsch/flexmark/flexmark/0.62.2/flexmark-0.62.2.jar:/Users/rahulshetty/.m2/repository/com/vladsch/flexmark/flexmark-util-ast/0.62.2/flexmark-util-ast-0.62.2.jar:/Users/rahulshetty/.m2/repository/com/vladsch/flexmark/flexmark-util-builder/0.62.2/flexmark-util-builder-0.62.2.jar:/Users/rahulshetty/.m2/repository/com/vladsch/flexmark/flexmark-util-collection/0.62.2/flexmark-util-collection-0.62.2.jar:/Users/rahulshetty/.m2/repository/com/vladsch/flexmark/flexmark-util-data/0.62.2/flexmark-util-data-0.62.2.jar:/Users/rahulshetty/.m2/repository/com/vladsch/flexmark/flexmark-util-dependency/0.62.2/flexmark-util-dependency-0.62.2.jar:/Users/rahulshetty/.m2/repository/com/vladsch/flexmark/flexmark-util-format/0.62.2/flexmark-util-format-0.62.2.jar:/Users/rahulshetty/.m2/repository/com/vladsch/flexmark/flexmark-util-html/0.62.2/flexmark-util-html-0.62.2.jar:/Users/rahulshetty/.m2/repository/com/vladsch/flexmark/flexmark-util-misc/0.62.2/flexmark-util-misc-0.62.2.jar:/Users/rahulshetty/.m2/repository/com/vladsch/flexmark/flexmark-util-sequence/0.62.2/flexmark-util-sequence-0.62.2.jar:/Users/rahulshetty/.m2/repository/com/vladsch/flexmark/flexmark-util-visitor/0.62.2/flexmark-util-visitor-0.62.2.jar:/Users/rahulshetty/.m2/repository/com/vladsch/flexmark/flexmark-ext-tables/0.62.2/flexmark-ext-tables-0.62.2.jar:/Users/rahulshetty/.m2/repository/com/vladsch/flexmark/flexmark-util/0.62.2/flexmark-util-0.62.2.jar:/Users/rahulshetty/.m2/repository/com/vladsch/flexmark/flexmark-util-options/0.62.2/flexmark-util-options-0.62.2.jar:/Users/rahulshetty/.m2/repository/org/springframework/spring-context/5.3.9/spring-context-5.3.9.jar:/Users/rahulshetty/.m2/repository/org/springframework/spring-test/5.3.9/spring-test-5.3.9.jar:/Users/rahulshetty/.m2/repository/javax/servlet/javax.servlet-api/4.0.1/javax.servlet-api-4.0.1.jar:/Users/rahulshetty/.m2/repository/org/hamcrest/hamcrest/2.2/hamcrest-2.2.jar:/Users/rahulshetty/.m2/repository/mysql/mysql-connector-java/8.0.19/mysql-connector-java-8.0.19.jar:/Users/rahulshetty/.m2/repository/org/springframework/boot/spring-boot-starter-test/2.6.0-SNAPSHOT/spring-boot-starter-test-2.6.0-SNAPSHOT.jar:/Users/rahulshetty/.m2/repository/org/springframework/boot/spring-boot-test/2.6.0-SNAPSHOT/spring-boot-test-2.6.0-SNAPSHOT.jar:/Users/rahulshetty/.m2/repository/org/springframework/boot/spring-boot-test-autoconfigure/2.6.0-SNAPSHOT/spring-boot-test-autoconfigure-2.6.0-SNAPSHOT.jar:/Users/rahulshetty/.m2/repository/com/jayway/jsonpath/json-path/2.6.0/json-path-2.6.0.jar:/Users/rahulshetty/.m2/repository/net/minidev/json-smart/2.4.7/json-smart-2.4.7.jar:/Users/rahulshetty/.m2/repository/net/minidev/accessors-smart/2.4.7/accessors-smart-2.4.7.jar:/Users/rahulshetty/.m2/repository/org/ow2/asm/asm/9.1/asm-9.1.jar:/Users/rahulshetty/.m2/repository/jakarta/xml/bind/jakarta.xml.bind-api/2.3.3/jakarta.xml.bind-api-2.3.3.jar:/Users/rahulshetty/.m2/repository/jakarta/activation/jakarta.activation-api/1.2.2/jakarta.activation-api-1.2.2.jar:/Users/rahulshetty/.m2/repository/org/assertj/assertj-core/3.20.2/assertj-core-3.20.2.jar:/Users/rahulshetty/.m2/repository/org/junit/jupiter/junit-jupiter/5.7.2/junit-jupiter-5.7.2.jar:/Users/rahulshetty/.m2/repository/org/junit/jupiter/junit-jupiter-params/5.7.2/junit-jupiter-params-5.7.2.jar:/Users/rahulshetty/.m2/repository/org/junit/jupiter/junit-jupiter-engine/5.7.2/junit-jupiter-engine-5.7.2.jar:/Users/rahulshetty/.m2/repository/org/junit/platform/junit-platform-engine/1.7.2/junit-platform-engine-1.7.2.jar:/Users/rahulshetty/.m2/repository/org/mockito/mockito-core/3.11.2/mockito-core-3.11.2.jar:/Users/rahulshetty/.m2/repository/net/bytebuddy/byte-buddy-agent/1.11.6/byte-buddy-agent-1.11.6.jar:/Users/rahulshetty/.m2/repository/org/objenesis/objenesis/3.2/objenesis-3.2.jar:/Users/rahulshetty/.m2/repository/org/mockito/mockito-junit-jupiter/3.11.2/mockito-junit-jupiter-3.11.2.jar:/Users/rahulshetty/.m2/repository/org/skyscreamer/jsonassert/1.5.0/jsonassert-1.5.0.jar:/Users/rahulshetty/.m2/repository/com/vaadin/external/google/android-json/0.0.20131108.vaadin1/android-json-0.0.20131108.vaadin1.jar:/Users/rahulshetty/.m2/repository/org/springframework/spring-core/5.3.9/spring-core-5.3.9.jar:/Users/rahulshetty/.m2/repository/org/springframework/spring-jcl/5.3.9/spring-jcl-5.3.9.jar:/Users/rahulshetty/.m2/repository/org/xmlunit/xmlunit-core/2.8.2/xmlunit-core-2.8.2.jar:"/>
    <property name="sun.cpu.endian" value="little"/>
    <property name="user.home" value="/Users/rahulshetty"/>
    <property name="user.language" value="en"/>
    <property name="java.specification.vendor" value="Oracle Corporation"/>
    <property name="java.version.date" value="2020-07-14"/>
    <property name="java.home" value="/Users/rahulshetty/.p2/pool/plugins/org.eclipse.justj.openjdk.hotspot.jre.full.macosx.x86_64_14.0.2.v20200815-0932/jre"/>
    <property name="file.separator" value="/"/>
    <property name="basedir" value="/Users/rahulshetty/Downloads/Courses"/>
    <property name="java.vm.compressedOopsMode" value="Zero based"/>
    <property name="line.separator" value="&#10;"/>
    <property name="java.specification.name" value="Java Platform API Specification"/>
    <property name="java.vm.specification.vendor" value="Oracle Corporation"/>
    <property name="surefire.real.class.path" value="/Users/rahulshetty/Downloads/Courses/target/surefire/surefirebooter8421513359109263445.jar"/>
    <property name="sun.management.compiler" value="HotSpot 64-Bit Tiered Compilers"/>
    <property name="ftp.nonProxyHosts" value="local|*.local|169.254/16|*.169.254/16"/>
    <property name="java.runtime.version" value="14.0.2+12-46"/>
    <property name="user.name" value="rahulshetty"/>
    <property name="path.separator" value=":"/>
    <property name="pact.verifier.publishResults" value="true"/>
    <property name="os.version" value="10.16"/>
    <property name="pact.provider.version" value="1.0-SNAPSHOT"/>
    <property name="java.runtime.name" value="OpenJDK Runtime Environment"/>
    <property name="file.encoding" value="UTF-8"/>
    <property name="java.vm.name" value="OpenJDK 64-Bit Server VM"/>
    <property name="localRepository" value="/Users/rahulshetty/.m2/repository"/>
    <property name="java.vendor.url.bug" value="https://bugreport.java.com/bugreport/"/>
    <property name="java.io.tmpdir" value="/var/folders/3_/wh51kb951t7db1mxlwnp141h0000gn/T/"/>
    <property name="java.version" value="14.0.2"/>
    <property name="user.dir" value="/Users/rahulshetty/Downloads/Courses"/>
    <property name="os.arch" value="x86_64"/>
    <property name="java.vm.specification.name" value="Java Virtual Machine Specification"/>
    <property name="java.library.path" value="/Users/rahulshetty/Library/Java/Extensions:/Library/Java/Extensions:/Network/Library/Java/Extensions:/System/Library/Java/Extensions:/usr/lib/java:."/>
    <property name="java.vm.info" value="mixed mode"/>
    <property name="java.vendor" value="Oracle Corporation"/>
    <property name="java.vm.version" value="14.0.2+12-46"/>
    <property name="sun.io.unicode.encoding" value="UnicodeBig"/>
    <property name="socksNonProxyHosts" value="local|*.local|169.254/16|*.169.254/16"/>
    <property name="java.class.version" value="58.0"/>
  </properties>
  <testcase name="pactVerificationTestTemplate{PactVerificationContext}" classname="com.rahulshettyacademy.Courses.PactVerificationTest" time="0.3">
    <error message="Invalid pact broker host specified (&apos;${pactbroker.host:}&apos;). Please provide a valid host or specify the system property &apos;pactbroker.host&apos;." type="java.lang.IllegalArgumentException">java.lang.IllegalArgumentException: Invalid pact broker host specified ('${pactbroker.host:}'). Please provide a valid host or specify the system property 'pactbroker.host'.
</error>
    <system-out><![CDATA[2021-07-15 12:09:51.171  INFO 51486 --- [           main] .b.t.c.SpringBootTestContextBootstrapper : Neither @ContextConfiguration nor @ContextHierarchy found for test class [com.rahulshettyacademy.Courses.PactVerificationTest], using SpringBootContextLoader
2021-07-15 12:09:51.172  INFO 51486 --- [           main] o.s.t.c.support.AbstractContextLoader    : Could not detect default resource locations for test class [com.rahulshettyacademy.Courses.PactVerificationTest]: no resource found for suffixes {-context.xml, Context.groovy}.
2021-07-15 12:09:51.172  INFO 51486 --- [           main] t.c.s.AnnotationConfigContextLoaderUtils : Could not detect default configuration classes for test class [com.rahulshettyacademy.Courses.PactVerificationTest]: PactVerificationTest does not declare any static, non-private, non-final, nested classes annotated with @Configuration.
2021-07-15 12:09:51.174  INFO 51486 --- [           main] .b.t.c.SpringBootTestContextBootstrapper : Found @SpringBootConfiguration com.rahulshettyacademy.CoursesApplication for test class com.rahulshettyacademy.Courses.PactVerificationTest
2021-07-15 12:09:51.176  INFO 51486 --- [           main] .b.t.c.SpringBootTestContextBootstrapper : Loaded default TestExecutionListener class names from location [META-INF/spring.factories]: [org.springframework.test.context.web.ServletTestExecutionListener, org.springframework.test.context.support.DirtiesContextBeforeModesTestExecutionListener, org.springframework.test.context.event.ApplicationEventsTestExecutionListener, org.springframework.test.context.support.DependencyInjectionTestExecutionListener, org.springframework.test.context.support.DirtiesContextTestExecutionListener, org.springframework.test.context.transaction.TransactionalTestExecutionListener, org.springframework.test.context.jdbc.SqlScriptsTestExecutionListener, org.springframework.test.context.event.EventPublishingTestExecutionListener, org.springframework.boot.test.mock.mockito.MockitoTestExecutionListener, org.springframework.boot.test.mock.mockito.ResetMocksTestExecutionListener, org.springframework.boot.test.autoconfigure.restdocs.RestDocsTestExecutionListener, org.springframework.boot.test.autoconfigure.web.client.MockRestServiceServerResetTestExecutionListener, org.springframework.boot.test.autoconfigure.web.servlet.MockMvcPrintOnlyOnFailureTestExecutionListener, org.springframework.boot.test.autoconfigure.web.servlet.WebDriverTestExecutionListener, org.springframework.boot.test.autoconfigure.webservices.client.MockWebServiceServerTestExecutionListener]
2021-07-15 12:09:51.177  INFO 51486 --- [           main] .b.t.c.SpringBootTestContextBootstrapper : Using TestExecutionListeners: [org.springframework.test.context.web.ServletTestExecutionListener@6bf34912, org.springframework.test.context.support.DirtiesContextBeforeModesTestExecutionListener@1bcdd302, org.springframework.test.context.event.ApplicationEventsTestExecutionListener@648f48d3, org.springframework.boot.test.mock.mockito.MockitoTestExecutionListener@30ce78e3, org.springframework.boot.test.autoconfigure.SpringBootDependencyInjectionTestExecutionListener@41041c31, org.springframework.test.context.support.DirtiesContextTestExecutionListener@34a482d0, org.springframework.test.context.transaction.TransactionalTestExecutionListener@2a738d47, org.springframework.test.context.jdbc.SqlScriptsTestExecutionListener@6939f18a, org.springframework.test.context.event.EventPublishingTestExecutionListener@8bd9d08, org.springframework.boot.test.mock.mockito.ResetMocksTestExecutionListener@189f3ccd, org.springframework.boot.test.autoconfigure.restdocs.RestDocsTestExecutionListener@2eb0932c, org.springframework.boot.test.autoconfigure.web.client.MockRestServiceServerResetTestExecutionListener@82382d1, org.springframework.boot.test.autoconfigure.web.servlet.MockMvcPrintOnlyOnFailureTestExecutionListener@6c120b00, org.springframework.boot.test.autoconfigure.web.servlet.WebDriverTestExecutionListener@d8a2b1b, org.springframework.boot.test.autoconfigure.webservices.client.MockWebServiceServerTestExecutionListener@2709e075]
2021-07-15 12:09:51.472  WARN 51486 --- [           main] a.c.d.p.p.j.loader.PactBrokerLoader      : Failed to instantiate the value resolver, using the default

java.lang.IllegalAccessException: class au.com.dius.pact.provider.junitsupport.loader.PactBrokerLoader cannot access a member of class au.com.dius.pact.core.support.expressions.SystemPropertyResolver with modifiers "private"
	at java.base/jdk.internal.reflect.Reflection.newIllegalAccessException(Reflection.java:376) ~[na:na]
	at java.base/java.lang.reflect.AccessibleObject.checkAccess(AccessibleObject.java:647) ~[na:na]
	at java.base/java.lang.reflect.Constructor.newInstanceWithCaller(Constructor.java:490) ~[na:na]
	at java.base/java.lang.reflect.ReflectAccess.newInstance(ReflectAccess.java:124) ~[na:na]
	at java.base/jdk.internal.reflect.ReflectionFactory.newInstance(ReflectionFactory.java:346) ~[na:na]
	at java.base/java.lang.Class.newInstance(Class.java:604) ~[na:na]
	at au.com.dius.pact.provider.junitsupport.loader.PactBrokerLoader.setupValueResolver(PactBrokerLoader.kt:168) ~[provider-4.1.17.jar:4.1.17]
	at au.com.dius.pact.provider.junitsupport.loader.PactBrokerLoader.description(PactBrokerLoader.kt:80) ~[provider-4.1.17.jar:4.1.17]
	at au.com.dius.pact.provider.junit5.PactVerificationInvocationContextProvider.resolvePactSources(PactJUnit5VerificationProvider.kt:79) ~[junit5-4.1.17.jar:4.1.17]
	at au.com.dius.pact.provider.junit5.PactVerificationInvocationContextProvider.provideTestTemplateInvocationContexts(PactJUnit5VerificationProvider.kt:41) ~[junit5-4.1.17.jar:4.1.17]
	at org.junit.jupiter.engine.descriptor.TestTemplateTestDescriptor.lambda$execute$0(TestTemplateTestDescriptor.java:103) ~[junit-jupiter-engine-5.7.2.jar:5.7.2]
	at java.base/java.util.stream.ReferencePipeline$7$1.accept(ReferencePipeline.java:271) ~[na:na]
	at java.base/java.util.ArrayList$ArrayListSpliterator.forEachRemaining(ArrayList.java:1625) ~[na:na]
	at java.base/java.util.stream.AbstractPipeline.copyInto(AbstractPipeline.java:484) ~[na:na]
	at java.base/java.util.stream.AbstractPipeline.wrapAndCopyInto(AbstractPipeline.java:474) ~[na:na]
	at java.base/java.util.stream.ForEachOps$ForEachOp.evaluateSequential(ForEachOps.java:150) ~[na:na]
	at java.base/java.util.stream.ForEachOps$ForEachOp$OfRef.evaluateSequential(ForEachOps.java:173) ~[na:na]
	at java.base/java.util.stream.AbstractPipeline.evaluate(AbstractPipeline.java:234) ~[na:na]
	at java.base/java.util.stream.ReferencePipeline.forEach(ReferencePipeline.java:497) ~[na:na]
	at org.junit.jupiter.engine.descriptor.TestTemplateTestDescriptor.execute(TestTemplateTestDescriptor.java:107) ~[junit-jupiter-engine-5.7.2.jar:5.7.2]
	at org.junit.jupiter.engine.descriptor.TestTemplateTestDescriptor.execute(TestTemplateTestDescriptor.java:42) ~[junit-jupiter-engine-5.7.2.jar:5.7.2]
	at org.junit.platform.engine.support.hierarchical.NodeTestTask.lambda$executeRecursively$5(NodeTestTask.java:139) ~[junit-platform-engine-1.7.2.jar:1.7.2]
	at org.junit.platform.engine.support.hierarchical.ThrowableCollector.execute(ThrowableCollector.java:73) ~[junit-platform-engine-1.7.2.jar:1.7.2]
	at org.junit.platform.engine.support.hierarchical.NodeTestTask.lambda$executeRecursively$7(NodeTestTask.java:129) ~[junit-platform-engine-1.7.2.jar:1.7.2]
	at org.junit.platform.engine.support.hierarchical.Node.around(Node.java:137) ~[junit-platform-engine-1.7.2.jar:1.7.2]
	at org.junit.platform.engine.support.hierarchical.NodeTestTask.lambda$executeRecursively$8(NodeTestTask.java:127) ~[junit-platform-engine-1.7.2.jar:1.7.2]
	at org.junit.platform.engine.support.hierarchical.ThrowableCollector.execute(ThrowableCollector.java:73) ~[junit-platform-engine-1.7.2.jar:1.7.2]
	at org.junit.platform.engine.support.hierarchical.NodeTestTask.executeRecursively(NodeTestTask.java:126) ~[junit-platform-engine-1.7.2.jar:1.7.2]
	at org.junit.platform.engine.support.hierarchical.NodeTestTask.execute(NodeTestTask.java:84) ~[junit-platform-engine-1.7.2.jar:1.7.2]
	at java.base/java.util.ArrayList.forEach(ArrayList.java:1511) ~[na:na]
	at org.junit.platform.engine.support.hierarchical.SameThreadHierarchicalTestExecutorService.invokeAll(SameThreadHierarchicalTestExecutorService.java:38) ~[junit-platform-engine-1.7.2.jar:1.7.2]
	at org.junit.platform.engine.support.hierarchical.NodeTestTask.lambda$executeRecursively$5(NodeTestTask.java:143) ~[junit-platform-engine-1.7.2.jar:1.7.2]
	at org.junit.platform.engine.support.hierarchical.ThrowableCollector.execute(ThrowableCollector.java:73) ~[junit-platform-engine-1.7.2.jar:1.7.2]
	at org.junit.platform.engine.support.hierarchical.NodeTestTask.lambda$executeRecursively$7(NodeTestTask.java:129) ~[junit-platform-engine-1.7.2.jar:1.7.2]
	at org.junit.platform.engine.support.hierarchical.Node.around(Node.java:137) ~[junit-platform-engine-1.7.2.jar:1.7.2]
	at org.junit.platform.engine.support.hierarchical.NodeTestTask.lambda$executeRecursively$8(NodeTestTask.java:127) ~[junit-platform-engine-1.7.2.jar:1.7.2]
	at org.junit.platform.engine.support.hierarchical.ThrowableCollector.execute(ThrowableCollector.java:73) ~[junit-platform-engine-1.7.2.jar:1.7.2]
	at org.junit.platform.engine.support.hierarchical.NodeTestTask.executeRecursively(NodeTestTask.java:126) ~[junit-platform-engine-1.7.2.jar:1.7.2]
	at org.junit.platform.engine.support.hierarchical.NodeTestTask.execute(NodeTestTask.java:84) ~[junit-platform-engine-1.7.2.jar:1.7.2]
	at java.base/java.util.ArrayList.forEach(ArrayList.java:1511) ~[na:na]
	at org.junit.platform.engine.support.hierarchical.SameThreadHierarchicalTestExecutorService.invokeAll(SameThreadHierarchicalTestExecutorService.java:38) ~[junit-platform-engine-1.7.2.jar:1.7.2]
	at org.junit.platform.engine.support.hierarchical.NodeTestTask.lambda$executeRecursively$5(NodeTestTask.java:143) ~[junit-platform-engine-1.7.2.jar:1.7.2]
	at org.junit.platform.engine.support.hierarchical.ThrowableCollector.execute(ThrowableCollector.java:73) ~[junit-platform-engine-1.7.2.jar:1.7.2]
	at org.junit.platform.engine.support.hierarchical.NodeTestTask.lambda$executeRecursively$7(NodeTestTask.java:129) ~[junit-platform-engine-1.7.2.jar:1.7.2]
	at org.junit.platform.engine.support.hierarchical.Node.around(Node.java:137) ~[junit-platform-engine-1.7.2.jar:1.7.2]
	at org.junit.platform.engine.support.hierarchical.NodeTestTask.lambda$executeRecursively$8(NodeTestTask.java:127) ~[junit-platform-engine-1.7.2.jar:1.7.2]
	at org.junit.platform.engine.support.hierarchical.ThrowableCollector.execute(ThrowableCollector.java:73) ~[junit-platform-engine-1.7.2.jar:1.7.2]
	at org.junit.platform.engine.support.hierarchical.NodeTestTask.executeRecursively(NodeTestTask.java:126) ~[junit-platform-engine-1.7.2.jar:1.7.2]
	at org.junit.platform.engine.support.hierarchical.NodeTestTask.execute(NodeTestTask.java:84) ~[junit-platform-engine-1.7.2.jar:1.7.2]
	at org.junit.platform.engine.support.hierarchical.SameThreadHierarchicalTestExecutorService.submit(SameThreadHierarchicalTestExecutorService.java:32) ~[junit-platform-engine-1.7.2.jar:1.7.2]
	at org.junit.platform.engine.support.hierarchical.HierarchicalTestExecutor.execute(HierarchicalTestExecutor.java:57) ~[junit-platform-engine-1.7.2.jar:1.7.2]
	at org.junit.platform.engine.support.hierarchical.HierarchicalTestEngine.execute(HierarchicalTestEngine.java:51) ~[junit-platform-engine-1.7.2.jar:1.7.2]
	at org.junit.platform.launcher.core.DefaultLauncher.execute(DefaultLauncher.java:220) ~[junit-platform-launcher-1.3.1.jar:1.3.1]
	at org.junit.platform.launcher.core.DefaultLauncher.lambda$execute$6(DefaultLauncher.java:188) ~[junit-platform-launcher-1.3.1.jar:1.3.1]
	at org.junit.platform.launcher.core.DefaultLauncher.withInterceptedStreams(DefaultLauncher.java:202) ~[junit-platform-launcher-1.3.1.jar:1.3.1]
	at org.junit.platform.launcher.core.DefaultLauncher.execute(DefaultLauncher.java:181) ~[junit-platform-launcher-1.3.1.jar:1.3.1]
	at org.junit.platform.launcher.core.DefaultLauncher.execute(DefaultLauncher.java:128) ~[junit-platform-launcher-1.3.1.jar:1.3.1]
	at org.apache.maven.surefire.junitplatform.JUnitPlatformProvider.invokeAllTests(JUnitPlatformProvider.java:150) ~[surefire-junit-platform-2.22.2.jar:2.22.2]
	at org.apache.maven.surefire.junitplatform.JUnitPlatformProvider.invoke(JUnitPlatformProvider.java:124) ~[surefire-junit-platform-2.22.2.jar:2.22.2]
	at org.apache.maven.surefire.booter.ForkedBooter.invokeProviderInSameClassLoader(ForkedBooter.java:384) ~[surefire-booter-2.22.2.jar:2.22.2]
	at org.apache.maven.surefire.booter.ForkedBooter.runSuitesInProcess(ForkedBooter.java:345) ~[surefire-booter-2.22.2.jar:2.22.2]
	at org.apache.maven.surefire.booter.ForkedBooter.execute(ForkedBooter.java:126) ~[surefire-booter-2.22.2.jar:2.22.2]
	at org.apache.maven.surefire.booter.ForkedBooter.main(ForkedBooter.java:418) ~[surefire-booter-2.22.2.jar:2.22.2]

]]></system-out>
  </testcase>
</testsuite>